<?xml version="1.0" encoding="UTF-8"?>
<testng-results ignored="0" total="1" passed="1" failed="0" skipped="0">
  <reporter-output>
  </reporter-output>
  <suite started-at="2023-03-30T13:03:12 EDT" name="Default suite" finished-at="2023-03-30T13:03:27 EDT" duration-ms="15558">
    <groups>
    </groups>
    <test started-at="2023-03-30T13:03:12 EDT" name="Default test" finished-at="2023-03-30T13:03:27 EDT" duration-ms="15558">
      <class name="todo.Interviewexcersises.NewTest">
        <test-method signature="test1()[pri:0, instance:todo.Interviewexcersises.NewTest@40cb8df7]" started-at="2023-03-30T13:03:12 EDT" name="test1" finished-at="2023-03-30T13:03:27 EDT" duration-ms="15513" status="PASS">
          <reporter-output>
          </reporter-output>
        </test-method> <!-- test1 -->
      </class> <!-- todo.Interviewexcersises.NewTest -->
    </test> <!-- Default test -->
  </suite> <!-- Default suite -->
</testng-results>
